<?xml version="1.0" encoding="UTF-8"?>
<testng-results skipped="0" failed="0" ignored="0" total="0" passed="0">
  <reporter-output>
  </reporter-output>
  <suite name="Surefire suite" duration-ms="238" started-at="2021-08-14T18:26:03 CEST" finished-at="2021-08-14T18:26:04 CEST">
    <groups>
    </groups>
    <test name="Surefire test" duration-ms="238" started-at="2021-08-14T18:26:03 CEST" finished-at="2021-08-14T18:26:04 CEST">
    </test> <!-- Surefire test -->
  </suite> <!-- Surefire suite -->
</testng-results>
